<?xml version="1.0" encoding="UTF-8"?>
<testsuite xmlns:xsi="http://www.w3.org/2001/XMLSchema-instance" xsi:noNamespaceSchemaLocation="https://maven.apache.org/surefire/maven-surefire-plugin/xsd/surefire-test-report.xsd" version="3.0.2" name="com.devsuperior.dsmovie.DsmovieApplicationTests" time="12.922" tests="1" errors="0" skipped="0" failures="0" flakes="0">
  <properties>
[...]
</properties>
  <testcase name="contextLoads" classname="com.devsuperior.dsmovie.DsmovieApplicationTests" time="0.534">
    <system-out><![CDATA[18:25:55.782 [main] INFO org.springframework.test.context.support.AnnotationConfigContextLoaderUtils -- Could not detect default configuration classes for test class [com.devsuperior.dsmovie.DsmovieApplicationTests]: DsmovieApplicationTests does not declare any static, non-private, non-final, nested classes annotated with @Configuration.
18:25:56.019 [main] INFO org.springframework.boot.test.context.SpringBootTestContextBootstrapper -- Found @SpringBootConfiguration com.devsuperior.dsmovie.DsmovieApplication for test class com.devsuperior.dsmovie.DsmovieApplicationTests
18:25:56.223 [main] INFO org.springframework.test.context.support.AnnotationConfigContextLoaderUtils -- Could not detect default configuration classes for test class [com.devsuperior.dsmovie.DsmovieApplicationTests]: DsmovieApplicationTests does not declare any static, non-private, non-final, nested classes annotated with @Configuration.
18:25:56.225 [main] INFO org.springframework.boot.test.context.SpringBootTestContextBootstrapper -- Found @SpringBootConfiguration com.devsuperior.dsmovie.DsmovieApplication for test class com.devsuperior.dsmovie.DsmovieApplicationTests

  .   ____          _            __ _ _
 /\\ / ___'_ __ _ _(_)_ __  __ _ \ \ \ \
( ( )\___ | '_ | '_| | '_ \/ _` | \ \ \ \
 \\/  ___)| |_)| | | | | || (_| |  ) ) ) )
  '  |____| .__|_| |_|_| |_\__, | / / / /
 =========|_|==============|___/=/_/_/_/

 :: Spring Boot ::                (v4.0.6)

2026-06-18T18:25:57.157-03:00  INFO 26516 --- [           main] c.d.dsmovie.DsmovieApplicationTests      : Starting DsmovieApplicationTests using Java 25.0.3 with PID 26516 (started by Samuel in C:\Users\Samuel\Documents\devsuperior\dsmovie-jacoco)
2026-06-18T18:25:57.159-03:00  INFO 26516 --- [           main] c.d.dsmovie.DsmovieApplicationTests      : The following 1 profile is active: "test"
2026-06-18T18:25:58.785-03:00  INFO 26516 --- [           main] .s.d.r.c.RepositoryConfigurationDelegate : Bootstrapping Spring Data JPA repositories in DEFAULT mode.
2026-06-18T18:25:58.926-03:00  INFO 26516 --- [           main] .s.d.r.c.RepositoryConfigurationDelegate : Finished Spring Data repository scanning in 116 ms. Found 3 JPA repository interfaces.
2026-06-18T18:25:59.878-03:00  INFO 26516 --- [           main] com.zaxxer.hikari.HikariDataSource       : HikariPool-1 - Starting...
2026-06-18T18:26:00.409-03:00  INFO 26516 --- [           main] com.zaxxer.hikari.pool.HikariPool        : HikariPool-1 - Added connection conn0: url=jdbc:h2:mem:testdb user=SA
2026-06-18T18:26:00.411-03:00  INFO 26516 --- [           main] com.zaxxer.hikari.HikariDataSource       : HikariPool-1 - Start completed.
2026-06-18T18:26:00.483-03:00  INFO 26516 --- [           main] org.hibernate.orm.jpa                    : HHH008540: Processing PersistenceUnitInfo [name: default]
2026-06-18T18:26:00.637-03:00  INFO 26516 --- [           main] org.hibernate.orm.core                   : HHH000001: Hibernate ORM core version 7.2.12.Final
2026-06-18T18:26:01.529-03:00  INFO 26516 --- [           main] o.s.o.j.p.SpringPersistenceUnitInfo      : No LoadTimeWeaver setup: ignoring JPA class transformer
2026-06-18T18:26:01.711-03:00  INFO 26516 --- [           main] org.hibernate.orm.connections.pooling    : HHH10001005: Database info:
	Database JDBC URL [jdbc:h2:mem:testdb]
	Database driver: H2 JDBC Driver
	Database dialect: H2Dialect
	Database version: 2.4.240
	Default catalog/schema: TESTDB/PUBLIC
	Autocommit mode: undefined/unknown
	Isolation level: READ_COMMITTED [default READ_COMMITTED]
	JDBC fetch size: 100
	Pool: DataSourceConnectionProvider
	Minimum pool size: undefined/unknown
	Maximum pool size: undefined/unknown
2026-06-18T18:26:03.646-03:00  INFO 26516 --- [           main] org.hibernate.orm.core                   : HHH000489: No JTA platform available (set 'hibernate.transaction.jta.platform' to enable JTA platform integration)
Hibernate: 
    drop table if exists tb_movie cascade 
Hibernate: 
    drop table if exists tb_role cascade 
Hibernate: 
    drop table if exists tb_score cascade 
Hibernate: 
    drop table if exists tb_user cascade 
Hibernate: 
    drop table if exists tb_user_role cascade 
Hibernate: 
    create table tb_movie (
        count integer,
        score float(53),
        id bigint generated by default as identity,
        image varchar(255),
        title varchar(255),
        primary key (id)
    )
Hibernate: 
    create table tb_role (
        id bigint generated by default as identity,
        authority varchar(255) unique,
        primary key (id)
    )
Hibernate: 
    create table tb_score (
        score_value float(53),
        movie_id bigint not null,
        user_id bigint not null,
        primary key (movie_id, user_id)
    )
Hibernate: 
    create table tb_user (
        id bigint generated by default as identity,
        name varchar(255),
        password varchar(255),
        username varchar(255) unique,
        primary key (id)
    )
Hibernate: 
    create table tb_user_role (
        role_id bigint not null,
        user_id bigint not null,
        primary key (role_id, user_id)
    )
Hibernate: 
    alter table if exists tb_score 
       add constraint FK23yhb6qop0f6hnb72hcorm3cv 
       foreign key (movie_id) 
       references tb_movie
Hibernate: 
    alter table if exists tb_score 
       add constraint FKl8lgmbrjoav0thqqtqx6vrr4k 
       foreign key (user_id) 
       references tb_user
Hibernate: 
    alter table if exists tb_user_role 
       add constraint FKea2ootw6b6bb0xt3ptl28bymv 
       foreign key (role_id) 
       references tb_role
Hibernate: 
    alter table if exists tb_user_role 
       add constraint FK7vn3h53d0tqdimm8cp45gc0kl 
       foreign key (user_id) 
       references tb_user
Hibernate: INSERT INTO tb_user (name, username, password) VALUES ('Alex', 'alex@gmail.com', '$2a$10$eACCYoNOHEqXve8aIWT8Nu3PkMXWBaOxJ9aORUYzfMQCbVBIhZ8tG')
Hibernate: INSERT INTO tb_user (name, username, password) VALUES ('Maria', 'maria@gmail.com', '$2a$10$eACCYoNOHEqXve8aIWT8Nu3PkMXWBaOxJ9aORUYzfMQCbVBIhZ8tG')
Hibernate: INSERT INTO tb_user (name, username, password) VALUES ('Joao', 'joao@gmail.com', '$2a$10$eACCYoNOHEqXve8aIWT8Nu3PkMXWBaOxJ9aORUYzfMQCbVBIhZ8tG')
Hibernate: INSERT INTO tb_user (name, username, password) VALUES ('Ana', 'ana@gmail.com', '$2a$10$eACCYoNOHEqXve8aIWT8Nu3PkMXWBaOxJ9aORUYzfMQCbVBIhZ8tG')
Hibernate: INSERT INTO tb_user (name, username, password) VALUES ('Lucia', 'lucia@gmail.com', '$2a$10$eACCYoNOHEqXve8aIWT8Nu3PkMXWBaOxJ9aORUYzfMQCbVBIhZ8tG')
Hibernate: INSERT INTO tb_user (name, username, password) VALUES ('Joaquim', 'joaquim@gmail.com', '$2a$10$eACCYoNOHEqXve8aIWT8Nu3PkMXWBaOxJ9aORUYzfMQCbVBIhZ8tG')
Hibernate: INSERT INTO tb_role (authority) VALUES ('ROLE_CLIENT')
Hibernate: INSERT INTO tb_role (authority) VALUES ('ROLE_ADMIN')
Hibernate: INSERT INTO tb_user_role (user_id, role_id) VALUES (1, 1)
Hibernate: INSERT INTO tb_user_role (user_id, role_id) VALUES (2, 1)
Hibernate: INSERT INTO tb_user_role (user_id, role_id) VALUES (2, 2)
Hibernate: INSERT INTO tb_user_role (user_id, role_id) VALUES (3, 1)
Hibernate: INSERT INTO tb_user_role (user_id, role_id) VALUES (4, 1)
Hibernate: INSERT INTO tb_user_role (user_id, role_id) VALUES (5, 1)
Hibernate: INSERT INTO tb_user_role (user_id, role_id) VALUES (6, 1)
Hibernate: INSERT INTO tb_movie(score, count, title, image) VALUES (4.5, 2, 'The Witcher', 'https://www.themoviedb.org/t/p/w533_and_h300_bestv2/jBJWaqoSCiARWtfV0GlqHrcdidd.jpg')
Hibernate: INSERT INTO tb_movie(score, count, title, image) VALUES (3.3, 3, 'Venom: Tempo de Carnificina', 'https://www.themoviedb.org/t/p/w533_and_h300_bestv2/vIgyYkXkg6NC2whRbYjBD7eb3Er.jpg')
Hibernate: INSERT INTO tb_movie(score, count, title, image) VALUES (0, 0, 'O Espetacular Homem-Aranha 2: A Ameaça de Electro', 'https://www.themoviedb.org/t/p/w533_and_h300_bestv2/u7SeO6Y42P7VCTWLhpnL96cyOqd.jpg')
Hibernate: INSERT INTO tb_movie(score, count, title, image) VALUES (0, 0, 'Matrix Resurrections', 'https://www.themoviedb.org/t/p/w533_and_h300_bestv2/hv7o3VgfsairBoQFAawgaQ4cR1m.jpg')
Hibernate: INSERT INTO tb_movie(score, count, title, image) VALUES (0, 0, 'Shang-Chi e a Lenda dos Dez Anéis', 'https://www.themoviedb.org/t/p/w533_and_h300_bestv2/cinER0ESG0eJ49kXlExM0MEWGxW.jpg')
Hibernate: INSERT INTO tb_movie(score, count, title, image) VALUES (0, 0, 'Django Livre', 'https://www.themoviedb.org/t/p/w533_and_h300_bestv2/2oZklIzUbvZXXzIFzv7Hi68d6xf.jpg')
Hibernate: INSERT INTO tb_movie(score, count, title, image) VALUES (0, 0, 'Titanic', 'https://www.themoviedb.org/t/p/w533_and_h300_bestv2/yDI6D5ZQh67YU4r2ms8qcSbAviZ.jpg')
Hibernate: INSERT INTO tb_movie(score, count, title, image) VALUES (0, 0, 'O Lobo de Wall Street', 'https://www.themoviedb.org/t/p/w533_and_h300_bestv2/cWUOv3H7YFwvKeaQhoAQTLLpo9Z.jpg')
Hibernate: INSERT INTO tb_movie(score, count, title, image) VALUES (0, 0, 'Aves de Rapina: Arlequina e sua Emancipação Fantabulosa', 'https://www.themoviedb.org/t/p/w533_and_h300_bestv2/jiqD14fg7UTZOT6qgvzTmfRYpWI.jpg')
Hibernate: INSERT INTO tb_movie(score, count, title, image) VALUES (0, 0, 'Rogue One: Uma História Star Wars', 'https://www.themoviedb.org/t/p/w533_and_h300_bestv2/6t8ES1d12OzWyCGxBeDYLHoaDrT.jpg')
Hibernate: INSERT INTO tb_movie(score, count, title, image) VALUES (0, 0, 'Star Wars: A Guerra dos Clones', 'https://www.themoviedb.org/t/p/w533_and_h300_bestv2/uK15I3sGd8AudO9z6J6vi0HH1UU.jpg')
Hibernate: INSERT INTO tb_movie(score, count, title, image) VALUES (0, 0, 'Star Wars: Episódio I - A Ameaça Fantasma', 'https://www.themoviedb.org/t/p/w533_and_h300_bestv2/36LnijfQCOC89rCMOhn2OINXROI.jpg')
Hibernate: INSERT INTO tb_movie(score, count, title, image) VALUES (0, 0, 'Vingadores: Ultimato', 'https://www.themoviedb.org/t/p/w533_and_h300_bestv2/7RyHsO4yDXtBv1zUU3mTpHeQ0d5.jpg')
Hibernate: INSERT INTO tb_movie(score, count, title, image) VALUES (0, 0, 'Thor', 'https://www.themoviedb.org/t/p/w533_and_h300_bestv2/cDJ61O1STtbWNBwefuqVrRe3d7l.jpg')
Hibernate: INSERT INTO tb_movie(score, count, title, image) VALUES (0, 0, 'Cisne Negro', 'https://www.themoviedb.org/t/p/w533_and_h300_bestv2/hqh5O4KssfJWI62HGAgrjHXbxhD.jpg')
Hibernate: INSERT INTO tb_movie(score, count, title, image) VALUES (0, 0, 'O Silêncio dos Inocentes', 'https://www.themoviedb.org/t/p/w533_and_h300_bestv2/mfwq2nMBzArzQ7Y9RKE8SKeeTkg.jpg')
Hibernate: INSERT INTO tb_movie(score, count, title, image) VALUES (0, 0, 'Clube da Luta', 'https://www.themoviedb.org/t/p/w533_and_h300_bestv2/hZkgoQYus5vegHoetLkCJzb17zJ.jpg')
Hibernate: INSERT INTO tb_movie(score, count, title, image) VALUES (0, 0, 'Guerra Mundial Z', 'https://www.themoviedb.org/t/p/w533_and_h300_bestv2/31VpBgUX5O4Z3dn5ZbX8HLqoXH3.jpg')
Hibernate: INSERT INTO tb_movie(score, count, title, image) VALUES (0, 0, 'Harry Potter e as Relíquias da Morte - Parte 1', 'https://www.themoviedb.org/t/p/w533_and_h300_bestv2/vcrgU0KaNj5mKUCIQSUdiQwTE9y.jpg')
Hibernate: INSERT INTO tb_movie(score, count, title, image) VALUES (0, 0, 'Harry Potter e a Pedra Filosofal', 'https://www.themoviedb.org/t/p/w533_and_h300_bestv2/lvOLivVeX3DVVcwfVkxKf0R22D8.jpg')
Hibernate: INSERT INTO tb_movie(score, count, title, image) VALUES (0, 0, 'Alice no País das Maravilhas', 'https://www.themoviedb.org/t/p/w533_and_h300_bestv2/qNdlZgz9yoSJ8f0YxQWfKGPoVV.jpg')
Hibernate: INSERT INTO tb_movie(score, count, title, image) VALUES (0, 0, 'Animais Fantásticos e Onde Habitam', 'https://www.themoviedb.org/t/p/w533_and_h300_bestv2/8Qsr8pvDL3s1jNZQ4HK1d1Xlvnh.jpg')
Hibernate: INSERT INTO tb_movie(score, count, title, image) VALUES (0, 0, 'A Teoria de Tudo', 'https://www.themoviedb.org/t/p/w533_and_h300_bestv2/kq2MHrRfH6RTfkvyDEmYLmGHE6U.jpg')
Hibernate: INSERT INTO tb_movie(score, count, title, image) VALUES (0, 0, 'O Livro de Boba Fett', 'https://www.themoviedb.org/t/p/w533_and_h300_bestv2/sjx6zjQI2dLGtEL0HGWsnq6UyLU.jpg')
Hibernate: INSERT INTO tb_movie(score, count, title, image) VALUES (0, 0, 'O Último Duelo', 'https://www.themoviedb.org/t/p/w533_and_h300_bestv2/4LrL40XecjGLRpX5I2gzMTUt04l.jpg')
Hibernate: INSERT INTO tb_movie(score, count, title, image) VALUES (0, 0, 'Interestelar', 'https://www.themoviedb.org/t/p/w533_and_h300_bestv2/rAiYTfKGqDCRIIqo664sY9XZIvQ.jpg')
Hibernate: INSERT INTO tb_movie(score, count, title, image) VALUES (0, 0, 'Contato', 'https://www.themoviedb.org/t/p/w533_and_h300_bestv2/yFkUPqBuUnbhYbQL8VFpTrAT9za.jpg')
Hibernate: INSERT INTO tb_movie(score, count, title, image) VALUES (0, 0, 'Duna', 'https://www.themoviedb.org/t/p/w533_and_h300_bestv2/jYEW5xZkZk2WTrdbMGAPFuBqbDc.jpg')
Hibernate: INSERT INTO tb_movie(score, count, title, image) VALUES (0, 0, 'Aquaman', 'https://www.themoviedb.org/t/p/w533_and_h300_bestv2/2cUsDz4TzFYHrKktT1bKHHQ7Cgm.jpg')
Hibernate: INSERT INTO tb_score(movie_id, user_id, score_value) VALUES (1, 3, 5.0)
Hibernate: INSERT INTO tb_score(movie_id, user_id, score_value) VALUES (1, 4, 4.0)
Hibernate: INSERT INTO tb_score(movie_id, user_id, score_value) VALUES (2, 3, 3.0)
Hibernate: INSERT INTO tb_score(movie_id, user_id, score_value) VALUES (2, 4, 3.0)
Hibernate: INSERT INTO tb_score(movie_id, user_id, score_value) VALUES (2, 5, 4.0)
2026-06-18T18:26:03.849-03:00  INFO 26516 --- [           main] j.LocalContainerEntityManagerFactoryBean : Initialized JPA EntityManagerFactory for persistence unit 'default'
2026-06-18T18:26:04.026-03:00  INFO 26516 --- [           main] o.s.d.j.r.query.QueryEnhancerFactories   : Hibernate is in classpath; If applicable, HQL parser will be used.
2026-06-18T18:26:05.936-03:00  INFO 26516 --- [           main] r$InitializeUserDetailsManagerConfigurer : Global AuthenticationManager configured with UserDetailsService bean with name userService
2026-06-18T18:26:07.466-03:00  INFO 26516 --- [           main] o.s.b.h.a.H2ConsoleAutoConfiguration     : H2 console available at '/h2-console'. Database available at 'jdbc:h2:mem:testdb'
2026-06-18T18:26:07.675-03:00  INFO 26516 --- [           main] c.d.dsmovie.DsmovieApplicationTests      : Started DsmovieApplicationTests in 11.313 seconds (process running for 13.696)
]]></system-out>
    <system-err><![CDATA[Mockito is currently self-attaching to enable the inline-mock-maker. This will no longer work in future releases of the JDK. Please add Mockito as an agent to your build as described in Mockito's documentation: https://javadoc.io/doc/org.mockito/mockito-core/latest/org.mockito/org/mockito/Mockito.html#0.3
WARNING: A Java agent has been loaded dynamically (C:\Users\Samuel\.m2\repository\net\bytebuddy\byte-buddy-agent\1.17.8\byte-buddy-agent-1.17.8.jar)
WARNING: If a serviceability tool is in use, please run with -XX:+EnableDynamicAgentLoading to hide this warning
WARNING: If a serviceability tool is not in use, please run with -Djdk.instrument.traceUsage for more information
WARNING: Dynamic loading of agents will be disallowed by default in a future release
]]></system-err>
  </testcase>
</testsuite>